-------------------------------------------------------------------------------
Test set: hr.fer.oprpp1.custom.collections.ArrayIndexedCollectionTest
-------------------------------------------------------------------------------
Tests run: 1, Failures: 1, Errors: 0, Skipped: 0, Time elapsed: 0 sec <<< FAILURE!
hr.fer.oprpp1.custom.collections.ArrayIndexedCollectionTest.testSize()  Time elapsed: 0 sec  <<< FAILURE!
java.lang.NullPointerException: Cannot invoke "hr.fer.oprpp1.custom.collections.ArrayIndexedCollection.size()" because "this.arrayWithNoParams" is null
	at hr.fer.oprpp1.custom.collections.ArrayIndexedCollectionTest.testSize(ArrayIndexedCollectionTest.java:20)

