-------------------------------------------------------------------------------
Test set: hr.fer.oprpp1.custom.collections.ArrayIndexedCollectionTest
-------------------------------------------------------------------------------
Tests run: 32, Failures: 28, Errors: 0, Skipped: 0, Time elapsed: 0.037 sec <<< FAILURE!
hr.fer.oprpp1.custom.collections.ArrayIndexedCollectionTest.testRemoveMiddleElement()  Time elapsed: 0.003 sec  <<< FAILURE!
java.lang.NullPointerException: Cannot invoke "hr.fer.oprpp1.custom.collections.ArrayIndexedCollection.add(Object)" because "this.arrayWithNoParams" is null
	at hr.fer.oprpp1.custom.collections.ArrayIndexedCollectionTest.testRemoveMiddleElement(ArrayIndexedCollectionTest.java:187)

hr.fer.oprpp1.custom.collections.ArrayIndexedCollectionTest.testRemoveLastElement()  Time elapsed: 0 sec  <<< FAILURE!
java.lang.NullPointerException: Cannot invoke "hr.fer.oprpp1.custom.collections.ArrayIndexedCollection.remove(int)" because "this.arrayWithNoParams" is null
	at hr.fer.oprpp1.custom.collections.ArrayIndexedCollectionTest.testRemoveLastElement(ArrayIndexedCollectionTest.java:198)

hr.fer.oprpp1.custom.collections.ArrayIndexedCollectionTest.testRemoveWithObjectMiddle()  Time elapsed: 0 sec  <<< FAILURE!
java.lang.NullPointerException: Cannot invoke "hr.fer.oprpp1.custom.collections.ArrayIndexedCollection.size()" because "this.arrayWithNoParams" is null
	at hr.fer.oprpp1.custom.collections.ArrayIndexedCollectionTest.testRemoveWithObjectMiddle(ArrayIndexedCollectionTest.java:252)

hr.fer.oprpp1.custom.collections.ArrayIndexedCollectionTest.testRemoveWithObjectNull()  Time elapsed: 0 sec  <<< FAILURE!
java.lang.NullPointerException: Cannot invoke "hr.fer.oprpp1.custom.collections.ArrayIndexedCollection.remove(Object)" because "this.arrayWithNoParams" is null
	at hr.fer.oprpp1.custom.collections.ArrayIndexedCollectionTest.testRemoveWithObjectNull(ArrayIndexedCollectionTest.java:233)

hr.fer.oprpp1.custom.collections.ArrayIndexedCollectionTest.testGetWithValidArgument()  Time elapsed: 0 sec  <<< FAILURE!
java.lang.NullPointerException: Cannot invoke "hr.fer.oprpp1.custom.collections.ArrayIndexedCollection.get(int)" because "this.arrayWithNoParams" is null
	at hr.fer.oprpp1.custom.collections.ArrayIndexedCollectionTest.testGetWithValidArgument(ArrayIndexedCollectionTest.java:153)

hr.fer.oprpp1.custom.collections.ArrayIndexedCollectionTest.testRemoveWithInvalidArgument()  Time elapsed: 0.011 sec  <<< FAILURE!
org.opentest4j.AssertionFailedError: Unexpected exception type thrown, expected: <java.lang.IllegalArgumentException> but was: <java.lang.NullPointerException>
	at org.junit.jupiter.api.AssertionFailureBuilder.build(AssertionFailureBuilder.java:151)
	at org.junit.jupiter.api.AssertThrows.assertThrows(AssertThrows.java:67)
	at org.junit.jupiter.api.AssertThrows.assertThrows(AssertThrows.java:35)
	at org.junit.jupiter.api.Assertions.assertThrows(Assertions.java:3083)
	at hr.fer.oprpp1.custom.collections.ArrayIndexedCollectionTest.testRemoveWithInvalidArgument(ArrayIndexedCollectionTest.java:161)
Caused by: java.lang.NullPointerException: Cannot invoke "hr.fer.oprpp1.custom.collections.ArrayIndexedCollection.remove(int)" because "this.arrayWithNoParams" is null
	at hr.fer.oprpp1.custom.collections.ArrayIndexedCollectionTest.lambda$testRemoveWithInvalidArgument$5(ArrayIndexedCollectionTest.java:161)
	at org.junit.jupiter.api.AssertThrows.assertThrows(AssertThrows.java:53)
	... 17 more

hr.fer.oprpp1.custom.collections.ArrayIndexedCollectionTest.testRemoveWithObjectFirst()  Time elapsed: 0 sec  <<< FAILURE!
java.lang.NullPointerException: Cannot invoke "hr.fer.oprpp1.custom.collections.ArrayIndexedCollection.remove(Object)" because "this.arrayWithNoParams" is null
	at hr.fer.oprpp1.custom.collections.ArrayIndexedCollectionTest.testRemoveWithObjectFirst(ArrayIndexedCollectionTest.java:242)

hr.fer.oprpp1.custom.collections.ArrayIndexedCollectionTest.testInsertIntoFirstPosition()  Time elapsed: 0.001 sec  <<< FAILURE!
java.lang.NullPointerException: Cannot invoke "hr.fer.oprpp1.custom.collections.ArrayIndexedCollection.insert(Object, int)" because "this.arrayWithNoParams" is null
	at hr.fer.oprpp1.custom.collections.ArrayIndexedCollectionTest.testInsertIntoFirstPosition(ArrayIndexedCollectionTest.java:107)

hr.fer.oprpp1.custom.collections.ArrayIndexedCollectionTest.testRemoveWithObjectLast()  Time elapsed: 0 sec  <<< FAILURE!
java.lang.NullPointerException: Cannot invoke "hr.fer.oprpp1.custom.collections.ArrayIndexedCollection.insert(Object, int)" because "this.arrayWithNoParams" is null
	at hr.fer.oprpp1.custom.collections.ArrayIndexedCollectionTest.testRemoveWithObjectLast(ArrayIndexedCollectionTest.java:262)

hr.fer.oprpp1.custom.collections.ArrayIndexedCollectionTest.testConstructorWithCollAndInitSize()  Time elapsed: 0.001 sec  <<< FAILURE!
java.lang.NullPointerException
	at hr.fer.oprpp1.custom.collections.ArrayIndexedCollection.<init>(ArrayIndexedCollection.java:38)
	at hr.fer.oprpp1.custom.collections.ArrayIndexedCollectionTest.testConstructorWithCollAndInitSize(ArrayIndexedCollectionTest.java:73)

hr.fer.oprpp1.custom.collections.ArrayIndexedCollectionTest.testConstructorWithColl()  Time elapsed: 0 sec  <<< FAILURE!
java.lang.NullPointerException
	at hr.fer.oprpp1.custom.collections.ArrayIndexedCollection.<init>(ArrayIndexedCollection.java:38)
	at hr.fer.oprpp1.custom.collections.ArrayIndexedCollection.<init>(ArrayIndexedCollection.java:53)
	at hr.fer.oprpp1.custom.collections.ArrayIndexedCollectionTest.testConstructorWithColl(ArrayIndexedCollectionTest.java:64)

hr.fer.oprpp1.custom.collections.ArrayIndexedCollectionTest.testInsertWithInvalidPosition2()  Time elapsed: 0.002 sec  <<< FAILURE!
org.opentest4j.AssertionFailedError: Unexpected exception type thrown, expected: <java.lang.IndexOutOfBoundsException> but was: <java.lang.NullPointerException>
	at org.junit.jupiter.api.AssertionFailureBuilder.build(AssertionFailureBuilder.java:151)
	at org.junit.jupiter.api.AssertThrows.assertThrows(AssertThrows.java:67)
	at org.junit.jupiter.api.AssertThrows.assertThrows(AssertThrows.java:35)
	at org.junit.jupiter.api.Assertions.assertThrows(Assertions.java:3083)
	at hr.fer.oprpp1.custom.collections.ArrayIndexedCollectionTest.testInsertWithInvalidPosition2(ArrayIndexedCollectionTest.java:91)
Caused by: java.lang.NullPointerException: Cannot invoke "hr.fer.oprpp1.custom.collections.ArrayIndexedCollection.size()" because "this.arrayWithNoParams" is null
	at hr.fer.oprpp1.custom.collections.ArrayIndexedCollectionTest.lambda$testInsertWithInvalidPosition2$1(ArrayIndexedCollectionTest.java:91)
	at org.junit.jupiter.api.AssertThrows.assertThrows(AssertThrows.java:53)
	... 17 more

hr.fer.oprpp1.custom.collections.ArrayIndexedCollectionTest.testGetWithInvalidPosition()  Time elapsed: 0.001 sec  <<< FAILURE!
org.opentest4j.AssertionFailedError: Unexpected exception type thrown, expected: <java.lang.IndexOutOfBoundsException> but was: <java.lang.NullPointerException>
	at org.junit.jupiter.api.AssertionFailureBuilder.build(AssertionFailureBuilder.java:151)
	at org.junit.jupiter.api.AssertThrows.assertThrows(AssertThrows.java:67)
	at org.junit.jupiter.api.AssertThrows.assertThrows(AssertThrows.java:35)
	at org.junit.jupiter.api.Assertions.assertThrows(Assertions.java:3083)
	at hr.fer.oprpp1.custom.collections.ArrayIndexedCollectionTest.testGetWithInvalidPosition(ArrayIndexedCollectionTest.java:136)
Caused by: java.lang.NullPointerException: Cannot invoke "hr.fer.oprpp1.custom.collections.ArrayIndexedCollection.get(int)" because "this.arrayWithNoParams" is null
	at hr.fer.oprpp1.custom.collections.ArrayIndexedCollectionTest.lambda$testGetWithInvalidPosition$3(ArrayIndexedCollectionTest.java:136)
	at org.junit.jupiter.api.AssertThrows.assertThrows(AssertThrows.java:53)
	... 17 more

hr.fer.oprpp1.custom.collections.ArrayIndexedCollectionTest.testInsertWithInvalidPosition()  Time elapsed: 0.001 sec  <<< FAILURE!
org.opentest4j.AssertionFailedError: Unexpected exception type thrown, expected: <java.lang.IndexOutOfBoundsException> but was: <java.lang.NullPointerException>
	at org.junit.jupiter.api.AssertionFailureBuilder.build(AssertionFailureBuilder.java:151)
	at org.junit.jupiter.api.AssertThrows.assertThrows(AssertThrows.java:67)
	at org.junit.jupiter.api.AssertThrows.assertThrows(AssertThrows.java:35)
	at org.junit.jupiter.api.Assertions.assertThrows(Assertions.java:3083)
	at hr.fer.oprpp1.custom.collections.ArrayIndexedCollectionTest.testInsertWithInvalidPosition(ArrayIndexedCollectionTest.java:83)
Caused by: java.lang.NullPointerException: Cannot invoke "hr.fer.oprpp1.custom.collections.ArrayIndexedCollection.insert(Object, int)" because "this.arrayWithNoParams" is null
	at hr.fer.oprpp1.custom.collections.ArrayIndexedCollectionTest.lambda$testInsertWithInvalidPosition$0(ArrayIndexedCollectionTest.java:83)
	at org.junit.jupiter.api.AssertThrows.assertThrows(AssertThrows.java:53)
	... 17 more

hr.fer.oprpp1.custom.collections.ArrayIndexedCollectionTest.testGetWithInvalidPosition2()  Time elapsed: 0.001 sec  <<< FAILURE!
org.opentest4j.AssertionFailedError: Unexpected exception type thrown, expected: <java.lang.IndexOutOfBoundsException> but was: <java.lang.NullPointerException>
	at org.junit.jupiter.api.AssertionFailureBuilder.build(AssertionFailureBuilder.java:151)
	at org.junit.jupiter.api.AssertThrows.assertThrows(AssertThrows.java:67)
	at org.junit.jupiter.api.AssertThrows.assertThrows(AssertThrows.java:35)
	at org.junit.jupiter.api.Assertions.assertThrows(Assertions.java:3083)
	at hr.fer.oprpp1.custom.collections.ArrayIndexedCollectionTest.testGetWithInvalidPosition2(ArrayIndexedCollectionTest.java:145)
Caused by: java.lang.NullPointerException: Cannot invoke "hr.fer.oprpp1.custom.collections.ArrayIndexedCollection.size()" because "this.arrayWithNoParams" is null
	at hr.fer.oprpp1.custom.collections.ArrayIndexedCollectionTest.lambda$testGetWithInvalidPosition2$4(ArrayIndexedCollectionTest.java:145)
	at org.junit.jupiter.api.AssertThrows.assertThrows(AssertThrows.java:53)
	... 17 more

hr.fer.oprpp1.custom.collections.ArrayIndexedCollectionTest.testRemoveWithInvalidArgument2()  Time elapsed: 0.002 sec  <<< FAILURE!
org.opentest4j.AssertionFailedError: Unexpected exception type thrown, expected: <java.lang.IllegalArgumentException> but was: <java.lang.NullPointerException>
	at org.junit.jupiter.api.AssertionFailureBuilder.build(AssertionFailureBuilder.java:151)
	at org.junit.jupiter.api.AssertThrows.assertThrows(AssertThrows.java:67)
	at org.junit.jupiter.api.AssertThrows.assertThrows(AssertThrows.java:35)
	at org.junit.jupiter.api.Assertions.assertThrows(Assertions.java:3083)
	at hr.fer.oprpp1.custom.collections.ArrayIndexedCollectionTest.testRemoveWithInvalidArgument2(ArrayIndexedCollectionTest.java:170)
Caused by: java.lang.NullPointerException: Cannot invoke "hr.fer.oprpp1.custom.collections.ArrayIndexedCollection.size()" because "this.arrayWithNoParams" is null
	at hr.fer.oprpp1.custom.collections.ArrayIndexedCollectionTest.lambda$testRemoveWithInvalidArgument2$6(ArrayIndexedCollectionTest.java:170)
	at org.junit.jupiter.api.AssertThrows.assertThrows(AssertThrows.java:53)
	... 17 more

hr.fer.oprpp1.custom.collections.ArrayIndexedCollectionTest.testRemoveFirstElement()  Time elapsed: 0 sec  <<< FAILURE!
java.lang.NullPointerException: Cannot invoke "hr.fer.oprpp1.custom.collections.ArrayIndexedCollection.remove(int)" because "this.arrayWithNoParams" is null
	at hr.fer.oprpp1.custom.collections.ArrayIndexedCollectionTest.testRemoveFirstElement(ArrayIndexedCollectionTest.java:178)

hr.fer.oprpp1.custom.collections.ArrayIndexedCollectionTest.testIndexOfNonExistingElement()  Time elapsed: 0 sec  <<< FAILURE!
java.lang.NullPointerException: Cannot invoke "hr.fer.oprpp1.custom.collections.ArrayIndexedCollection.indexOf(Object)" because "this.arrayWithNoParams" is null
	at hr.fer.oprpp1.custom.collections.ArrayIndexedCollectionTest.testIndexOfNonExistingElement(ArrayIndexedCollectionTest.java:290)

hr.fer.oprpp1.custom.collections.ArrayIndexedCollectionTest.testIndexOfNullExistingElement()  Time elapsed: 0 sec  <<< FAILURE!
java.lang.NullPointerException: Cannot invoke "hr.fer.oprpp1.custom.collections.ArrayIndexedCollection.indexOf(Object)" because "this.arrayWithNoParams" is null
	at hr.fer.oprpp1.custom.collections.ArrayIndexedCollectionTest.testIndexOfNullExistingElement(ArrayIndexedCollectionTest.java:299)

hr.fer.oprpp1.custom.collections.ArrayIndexedCollectionTest.testIndexOfNull()  Time elapsed: 0 sec  <<< FAILURE!
java.lang.NullPointerException: Cannot invoke "hr.fer.oprpp1.custom.collections.ArrayIndexedCollection.indexOf(Object)" because "this.arrayWithNoParams" is null
	at hr.fer.oprpp1.custom.collections.ArrayIndexedCollectionTest.testIndexOfNull(ArrayIndexedCollectionTest.java:281)

hr.fer.oprpp1.custom.collections.ArrayIndexedCollectionTest.testAddingValue()  Time elapsed: 0 sec  <<< FAILURE!
java.lang.NullPointerException: Cannot invoke "hr.fer.oprpp1.custom.collections.ArrayIndexedCollection.add(Object)" because "this.arrayWithNoParams" is null
	at hr.fer.oprpp1.custom.collections.ArrayIndexedCollectionTest.testAddingValue(ArrayIndexedCollectionTest.java:327)

hr.fer.oprpp1.custom.collections.ArrayIndexedCollectionTest.testInsertAtEnd()  Time elapsed: 0 sec  <<< FAILURE!
java.lang.NullPointerException: Cannot invoke "hr.fer.oprpp1.custom.collections.ArrayIndexedCollection.size()" because "this.arrayWithNoParams" is null
	at hr.fer.oprpp1.custom.collections.ArrayIndexedCollectionTest.testInsertAtEnd(ArrayIndexedCollectionTest.java:127)

hr.fer.oprpp1.custom.collections.ArrayIndexedCollectionTest.testContainsFalse()  Time elapsed: 0 sec  <<< FAILURE!
java.lang.NullPointerException: Cannot invoke "hr.fer.oprpp1.custom.collections.ArrayIndexedCollection.contains(Object)" because "this.arrayWithNoParams" is null
	at hr.fer.oprpp1.custom.collections.ArrayIndexedCollectionTest.testContainsFalse(ArrayIndexedCollectionTest.java:216)

hr.fer.oprpp1.custom.collections.ArrayIndexedCollectionTest.testContainsTrue()  Time elapsed: 0.001 sec  <<< FAILURE!
java.lang.NullPointerException: Cannot invoke "hr.fer.oprpp1.custom.collections.ArrayIndexedCollection.contains(Object)" because "this.arrayWithNoParams" is null
	at hr.fer.oprpp1.custom.collections.ArrayIndexedCollectionTest.testContainsTrue(ArrayIndexedCollectionTest.java:224)

hr.fer.oprpp1.custom.collections.ArrayIndexedCollectionTest.testToArray()  Time elapsed: 0 sec  <<< FAILURE!
java.lang.NullPointerException: Cannot invoke "hr.fer.oprpp1.custom.collections.ArrayIndexedCollection.toArray()" because "this.arrayWithNoParams" is null
	at hr.fer.oprpp1.custom.collections.ArrayIndexedCollectionTest.testToArray(ArrayIndexedCollectionTest.java:309)

hr.fer.oprpp1.custom.collections.ArrayIndexedCollectionTest.testInsertInMiddle()  Time elapsed: 0.001 sec  <<< FAILURE!
java.lang.NullPointerException: Cannot invoke "hr.fer.oprpp1.custom.collections.ArrayIndexedCollection.insert(Object, int)" because "this.arrayWithNoParams" is null
	at hr.fer.oprpp1.custom.collections.ArrayIndexedCollectionTest.testInsertInMiddle(ArrayIndexedCollectionTest.java:117)

hr.fer.oprpp1.custom.collections.ArrayIndexedCollectionTest.testSize()  Time elapsed: 0.001 sec  <<< FAILURE!
java.lang.NullPointerException: Cannot invoke "hr.fer.oprpp1.custom.collections.ArrayIndexedCollection.size()" because "this.arrayWithNoParams" is null
	at hr.fer.oprpp1.custom.collections.ArrayIndexedCollectionTest.testSize(ArrayIndexedCollectionTest.java:208)

hr.fer.oprpp1.custom.collections.ArrayIndexedCollectionTest.testClear()  Time elapsed: 0.001 sec  <<< FAILURE!
java.lang.NullPointerException: Cannot invoke "hr.fer.oprpp1.custom.collections.ArrayIndexedCollection.clear()" because "this.arrayWithNoParams" is null
	at hr.fer.oprpp1.custom.collections.ArrayIndexedCollectionTest.testClear(ArrayIndexedCollectionTest.java:272)

