<?xml version="1.0" encoding="UTF-8" ?>
<testsuite tests="25" failures="23" name="hr.fer.oprpp1.custom.collections.LinkedListIndexedCollectionTest" time="0.002" errors="0" skipped="0">
  <properties>
[...]
</properties>
  <testcase classname="hr.fer.oprpp1.custom.collections.LinkedListIndexedCollectionTest" name="hr.fer.oprpp1.custom.collections.LinkedListIndexedCollectionTest.testInsertingElementAtEnd" time="0">
    <failure message="Cannot invoke &quot;hr.fer.oprpp1.custom.collections.LinkedListIndexedCollection.size()&quot; because &quot;this.emptyLinkedList&quot; is null" type="java.lang.NullPointerException">java.lang.NullPointerException: Cannot invoke &quot;hr.fer.oprpp1.custom.collections.LinkedListIndexedCollection.size()&quot; because &quot;this.emptyLinkedList&quot; is null
	at hr.fer.oprpp1.custom.collections.LinkedListIndexedCollectionTest.testInsertingElementAtEnd(LinkedListIndexedCollectionTest.java:83)
</failure>
  </testcase>
  <testcase classname="hr.fer.oprpp1.custom.collections.LinkedListIndexedCollectionTest" name="hr.fer.oprpp1.custom.collections.LinkedListIndexedCollectionTest.testInsertingWithInvalidPosition" time="0">
    <failure message="Unexpected exception type thrown, expected: &lt;java.lang.IllegalArgumentException&gt; but was: &lt;java.lang.NullPointerException&gt;" type="org.opentest4j.AssertionFailedError">org.opentest4j.AssertionFailedError: Unexpected exception type thrown, expected: &lt;java.lang.IllegalArgumentException&gt; but was: &lt;java.lang.NullPointerException&gt;
	at org.junit.jupiter.api.AssertionFailureBuilder.build(AssertionFailureBuilder.java:151)
	at org.junit.jupiter.api.AssertThrows.assertThrows(AssertThrows.java:67)
	at org.junit.jupiter.api.AssertThrows.assertThrows(AssertThrows.java:35)
	at org.junit.jupiter.api.Assertions.assertThrows(Assertions.java:3083)
	at hr.fer.oprpp1.custom.collections.LinkedListIndexedCollectionTest.testInsertingWithInvalidPosition(LinkedListIndexedCollectionTest.java:93)
Caused by: java.lang.NullPointerException: Cannot invoke &quot;hr.fer.oprpp1.custom.collections.LinkedListIndexedCollection.size()&quot; because &quot;this.emptyLinkedList&quot; is null
	at hr.fer.oprpp1.custom.collections.LinkedListIndexedCollectionTest.lambda$testInsertingWithInvalidPosition$0(LinkedListIndexedCollectionTest.java:93)
	at org.junit.jupiter.api.AssertThrows.assertThrows(AssertThrows.java:53)
	... 17 more
</failure>
  </testcase>
  <testcase classname="hr.fer.oprpp1.custom.collections.LinkedListIndexedCollectionTest" name="hr.fer.oprpp1.custom.collections.LinkedListIndexedCollectionTest.testRemoveFirstElementWithIndex" time="0.001">
    <failure message="Cannot invoke &quot;hr.fer.oprpp1.custom.collections.LinkedListIndexedCollection.remove(int)&quot; because &quot;this.emptyLinkedList&quot; is null" type="java.lang.NullPointerException">java.lang.NullPointerException: Cannot invoke &quot;hr.fer.oprpp1.custom.collections.LinkedListIndexedCollection.remove(int)&quot; because &quot;this.emptyLinkedList&quot; is null
	at hr.fer.oprpp1.custom.collections.LinkedListIndexedCollectionTest.testRemoveFirstElementWithIndex(LinkedListIndexedCollectionTest.java:161)
</failure>
  </testcase>
  <testcase classname="hr.fer.oprpp1.custom.collections.LinkedListIndexedCollectionTest" name="hr.fer.oprpp1.custom.collections.LinkedListIndexedCollectionTest.testRemoveLastElementWithIndex" time="0">
    <failure message="Cannot invoke &quot;hr.fer.oprpp1.custom.collections.LinkedListIndexedCollection.size()&quot; because &quot;this.emptyLinkedList&quot; is null" type="java.lang.NullPointerException">java.lang.NullPointerException: Cannot invoke &quot;hr.fer.oprpp1.custom.collections.LinkedListIndexedCollection.size()&quot; because &quot;this.emptyLinkedList&quot; is null
	at hr.fer.oprpp1.custom.collections.LinkedListIndexedCollectionTest.testRemoveLastElementWithIndex(LinkedListIndexedCollectionTest.java:181)
</failure>
  </testcase>
  <testcase classname="hr.fer.oprpp1.custom.collections.LinkedListIndexedCollectionTest" name="hr.fer.oprpp1.custom.collections.LinkedListIndexedCollectionTest.testInsertingElementInBetween" time="0">
    <failure message="Cannot invoke &quot;hr.fer.oprpp1.custom.collections.LinkedListIndexedCollection.insert(Object, int)&quot; because &quot;this.emptyLinkedList&quot; is null" type="java.lang.NullPointerException">java.lang.NullPointerException: Cannot invoke &quot;hr.fer.oprpp1.custom.collections.LinkedListIndexedCollection.insert(Object, int)&quot; because &quot;this.emptyLinkedList&quot; is null
	at hr.fer.oprpp1.custom.collections.LinkedListIndexedCollectionTest.testInsertingElementInBetween(LinkedListIndexedCollectionTest.java:74)
</failure>
  </testcase>
  <testcase classname="hr.fer.oprpp1.custom.collections.LinkedListIndexedCollectionTest" name="hr.fer.oprpp1.custom.collections.LinkedListIndexedCollectionTest.testGettingIndexOfNullValue" time="0">
    <failure message="Cannot invoke &quot;hr.fer.oprpp1.custom.collections.LinkedListIndexedCollection.indexOf(Object)&quot; because &quot;this.emptyLinkedList&quot; is null" type="java.lang.NullPointerException">java.lang.NullPointerException: Cannot invoke &quot;hr.fer.oprpp1.custom.collections.LinkedListIndexedCollection.indexOf(Object)&quot; because &quot;this.emptyLinkedList&quot; is null
	at hr.fer.oprpp1.custom.collections.LinkedListIndexedCollectionTest.testGettingIndexOfNullValue(LinkedListIndexedCollectionTest.java:126)
</failure>
  </testcase>
  <testcase classname="hr.fer.oprpp1.custom.collections.LinkedListIndexedCollectionTest" name="hr.fer.oprpp1.custom.collections.LinkedListIndexedCollectionTest.testRemoveWithInvalidIndex" time="0">
    <failure message="Unexpected exception type thrown, expected: &lt;java.lang.IllegalArgumentException&gt; but was: &lt;java.lang.NullPointerException&gt;" type="org.opentest4j.AssertionFailedError">org.opentest4j.AssertionFailedError: Unexpected exception type thrown, expected: &lt;java.lang.IllegalArgumentException&gt; but was: &lt;java.lang.NullPointerException&gt;
	at org.junit.jupiter.api.AssertionFailureBuilder.build(AssertionFailureBuilder.java:151)
	at org.junit.jupiter.api.AssertThrows.assertThrows(AssertThrows.java:67)
	at org.junit.jupiter.api.AssertThrows.assertThrows(AssertThrows.java:35)
	at org.junit.jupiter.api.Assertions.assertThrows(Assertions.java:3083)
	at hr.fer.oprpp1.custom.collections.LinkedListIndexedCollectionTest.testRemoveWithInvalidIndex(LinkedListIndexedCollectionTest.java:153)
Caused by: java.lang.NullPointerException: Cannot invoke &quot;hr.fer.oprpp1.custom.collections.LinkedListIndexedCollection.size()&quot; because &quot;this.emptyLinkedList&quot; is null
	at hr.fer.oprpp1.custom.collections.LinkedListIndexedCollectionTest.lambda$testRemoveWithInvalidIndex$3(LinkedListIndexedCollectionTest.java:153)
	at org.junit.jupiter.api.AssertThrows.assertThrows(AssertThrows.java:53)
	... 17 more
</failure>
  </testcase>
  <testcase classname="hr.fer.oprpp1.custom.collections.LinkedListIndexedCollectionTest" name="hr.fer.oprpp1.custom.collections.LinkedListIndexedCollectionTest.testGettingIndexOfNonExistingValue" time="0">
    <failure message="Cannot invoke &quot;hr.fer.oprpp1.custom.collections.LinkedListIndexedCollection.indexOf(Object)&quot; because &quot;this.emptyLinkedList&quot; is null" type="java.lang.NullPointerException">java.lang.NullPointerException: Cannot invoke &quot;hr.fer.oprpp1.custom.collections.LinkedListIndexedCollection.indexOf(Object)&quot; because &quot;this.emptyLinkedList&quot; is null
	at hr.fer.oprpp1.custom.collections.LinkedListIndexedCollectionTest.testGettingIndexOfNonExistingValue(LinkedListIndexedCollectionTest.java:135)
</failure>
  </testcase>
  <testcase classname="hr.fer.oprpp1.custom.collections.LinkedListIndexedCollectionTest" name="hr.fer.oprpp1.custom.collections.LinkedListIndexedCollectionTest.testDefaultConstructor" time="0"/>
  <testcase classname="hr.fer.oprpp1.custom.collections.LinkedListIndexedCollectionTest" name="hr.fer.oprpp1.custom.collections.LinkedListIndexedCollectionTest.testGettingIndexOfExistingValue" time="0">
    <failure message="Cannot invoke &quot;hr.fer.oprpp1.custom.collections.LinkedListIndexedCollection.indexOf(Object)&quot; because &quot;this.emptyLinkedList&quot; is null" type="java.lang.NullPointerException">java.lang.NullPointerException: Cannot invoke &quot;hr.fer.oprpp1.custom.collections.LinkedListIndexedCollection.indexOf(Object)&quot; because &quot;this.emptyLinkedList&quot; is null
	at hr.fer.oprpp1.custom.collections.LinkedListIndexedCollectionTest.testGettingIndexOfExistingValue(LinkedListIndexedCollectionTest.java:144)
</failure>
  </testcase>
  <testcase classname="hr.fer.oprpp1.custom.collections.LinkedListIndexedCollectionTest" name="hr.fer.oprpp1.custom.collections.LinkedListIndexedCollectionTest.testRemoveElementWithNullValue" time="0.001">
    <failure message="Cannot invoke &quot;hr.fer.oprpp1.custom.collections.LinkedListIndexedCollection.remove(Object)&quot; because &quot;this.emptyLinkedList&quot; is null" type="java.lang.NullPointerException">java.lang.NullPointerException: Cannot invoke &quot;hr.fer.oprpp1.custom.collections.LinkedListIndexedCollection.remove(Object)&quot; because &quot;this.emptyLinkedList&quot; is null
	at hr.fer.oprpp1.custom.collections.LinkedListIndexedCollectionTest.testRemoveElementWithNullValue(LinkedListIndexedCollectionTest.java:190)
</failure>
  </testcase>
  <testcase classname="hr.fer.oprpp1.custom.collections.LinkedListIndexedCollectionTest" name="hr.fer.oprpp1.custom.collections.LinkedListIndexedCollectionTest.testRemoveMiddleElementWithIndex" time="0">
    <failure message="Cannot invoke &quot;hr.fer.oprpp1.custom.collections.LinkedListIndexedCollection.remove(int)&quot; because &quot;this.emptyLinkedList&quot; is null" type="java.lang.NullPointerException">java.lang.NullPointerException: Cannot invoke &quot;hr.fer.oprpp1.custom.collections.LinkedListIndexedCollection.remove(int)&quot; because &quot;this.emptyLinkedList&quot; is null
	at hr.fer.oprpp1.custom.collections.LinkedListIndexedCollectionTest.testRemoveMiddleElementWithIndex(LinkedListIndexedCollectionTest.java:171)
</failure>
  </testcase>
  <testcase classname="hr.fer.oprpp1.custom.collections.LinkedListIndexedCollectionTest" name="hr.fer.oprpp1.custom.collections.LinkedListIndexedCollectionTest.testInsertingElementInFirstPlace" time="0">
    <failure message="Cannot invoke &quot;hr.fer.oprpp1.custom.collections.LinkedListIndexedCollection.insert(Object, int)&quot; because &quot;this.emptyLinkedList&quot; is null" type="java.lang.NullPointerException">java.lang.NullPointerException: Cannot invoke &quot;hr.fer.oprpp1.custom.collections.LinkedListIndexedCollection.insert(Object, int)&quot; because &quot;this.emptyLinkedList&quot; is null
	at hr.fer.oprpp1.custom.collections.LinkedListIndexedCollectionTest.testInsertingElementInFirstPlace(LinkedListIndexedCollectionTest.java:64)
</failure>
  </testcase>
  <testcase classname="hr.fer.oprpp1.custom.collections.LinkedListIndexedCollectionTest" name="hr.fer.oprpp1.custom.collections.LinkedListIndexedCollectionTest.testSecondConstructor" time="0">
    <failure type="java.lang.NullPointerException">java.lang.NullPointerException
	at hr.fer.oprpp1.custom.collections.Collection.addAll(Collection.java:96)
	at hr.fer.oprpp1.custom.collections.LinkedListIndexedCollection.&lt;init&gt;(LinkedListIndexedCollection.java:42)
	at hr.fer.oprpp1.custom.collections.LinkedListIndexedCollectionTest.testSecondConstructor(LinkedListIndexedCollectionTest.java:44)
</failure>
  </testcase>
  <testcase classname="hr.fer.oprpp1.custom.collections.LinkedListIndexedCollectionTest" name="hr.fer.oprpp1.custom.collections.LinkedListIndexedCollectionTest.testInsertingNullValue" time="0"/>
  <testcase classname="hr.fer.oprpp1.custom.collections.LinkedListIndexedCollectionTest" name="hr.fer.oprpp1.custom.collections.LinkedListIndexedCollectionTest.testRemoveExistingElement" time="0">
    <failure message="Cannot invoke &quot;hr.fer.oprpp1.custom.collections.LinkedListIndexedCollection.remove(Object)&quot; because &quot;this.emptyLinkedList&quot; is null" type="java.lang.NullPointerException">java.lang.NullPointerException: Cannot invoke &quot;hr.fer.oprpp1.custom.collections.LinkedListIndexedCollection.remove(Object)&quot; because &quot;this.emptyLinkedList&quot; is null
	at hr.fer.oprpp1.custom.collections.LinkedListIndexedCollectionTest.testRemoveExistingElement(LinkedListIndexedCollectionTest.java:206)
</failure>
  </testcase>
  <testcase classname="hr.fer.oprpp1.custom.collections.LinkedListIndexedCollectionTest" name="hr.fer.oprpp1.custom.collections.LinkedListIndexedCollectionTest.testContainsFalse" time="0">
    <failure message="Cannot invoke &quot;hr.fer.oprpp1.custom.collections.LinkedListIndexedCollection.contains(Object)&quot; because &quot;this.emptyLinkedList&quot; is null" type="java.lang.NullPointerException">java.lang.NullPointerException: Cannot invoke &quot;hr.fer.oprpp1.custom.collections.LinkedListIndexedCollection.contains(Object)&quot; because &quot;this.emptyLinkedList&quot; is null
	at hr.fer.oprpp1.custom.collections.LinkedListIndexedCollectionTest.testContainsFalse(LinkedListIndexedCollectionTest.java:224)
</failure>
  </testcase>
  <testcase classname="hr.fer.oprpp1.custom.collections.LinkedListIndexedCollectionTest" name="hr.fer.oprpp1.custom.collections.LinkedListIndexedCollectionTest.testContainsTrue" time="0">
    <failure message="Cannot invoke &quot;hr.fer.oprpp1.custom.collections.LinkedListIndexedCollection.contains(Object)&quot; because &quot;this.emptyLinkedList&quot; is null" type="java.lang.NullPointerException">java.lang.NullPointerException: Cannot invoke &quot;hr.fer.oprpp1.custom.collections.LinkedListIndexedCollection.contains(Object)&quot; because &quot;this.emptyLinkedList&quot; is null
	at hr.fer.oprpp1.custom.collections.LinkedListIndexedCollectionTest.testContainsTrue(LinkedListIndexedCollectionTest.java:215)
</failure>
  </testcase>
  <testcase classname="hr.fer.oprpp1.custom.collections.LinkedListIndexedCollectionTest" name="hr.fer.oprpp1.custom.collections.LinkedListIndexedCollectionTest.testToArray" time="0">
    <failure message="Cannot invoke &quot;hr.fer.oprpp1.custom.collections.LinkedListIndexedCollection.toArray()&quot; because &quot;this.emptyLinkedList&quot; is null" type="java.lang.NullPointerException">java.lang.NullPointerException: Cannot invoke &quot;hr.fer.oprpp1.custom.collections.LinkedListIndexedCollection.toArray()&quot; because &quot;this.emptyLinkedList&quot; is null
	at hr.fer.oprpp1.custom.collections.LinkedListIndexedCollectionTest.testToArray(LinkedListIndexedCollectionTest.java:233)
</failure>
  </testcase>
  <testcase classname="hr.fer.oprpp1.custom.collections.LinkedListIndexedCollectionTest" name="hr.fer.oprpp1.custom.collections.LinkedListIndexedCollectionTest.testSize" time="0">
    <failure message="Cannot invoke &quot;hr.fer.oprpp1.custom.collections.LinkedListIndexedCollection.size()&quot; because &quot;this.emptyLinkedList&quot; is null" type="java.lang.NullPointerException">java.lang.NullPointerException: Cannot invoke &quot;hr.fer.oprpp1.custom.collections.LinkedListIndexedCollection.size()&quot; because &quot;this.emptyLinkedList&quot; is null
	at hr.fer.oprpp1.custom.collections.LinkedListIndexedCollectionTest.testSize(LinkedListIndexedCollectionTest.java:251)
</failure>
  </testcase>
  <testcase classname="hr.fer.oprpp1.custom.collections.LinkedListIndexedCollectionTest" name="hr.fer.oprpp1.custom.collections.LinkedListIndexedCollectionTest.testClear" time="0">
    <failure message="Cannot invoke &quot;hr.fer.oprpp1.custom.collections.LinkedListIndexedCollection.clear()&quot; because &quot;this.emptyLinkedList&quot; is null" type="java.lang.NullPointerException">java.lang.NullPointerException: Cannot invoke &quot;hr.fer.oprpp1.custom.collections.LinkedListIndexedCollection.clear()&quot; because &quot;this.emptyLinkedList&quot; is null
	at hr.fer.oprpp1.custom.collections.LinkedListIndexedCollectionTest.testClear(LinkedListIndexedCollectionTest.java:241)
</failure>
  </testcase>
  <testcase classname="hr.fer.oprpp1.custom.collections.LinkedListIndexedCollectionTest" name="hr.fer.oprpp1.custom.collections.LinkedListIndexedCollectionTest.testAddingElement" time="0">
    <failure message="Cannot invoke &quot;hr.fer.oprpp1.custom.collections.LinkedListIndexedCollection.add(Object)&quot; because &quot;this.emptyLinkedList&quot; is null" type="java.lang.NullPointerException">java.lang.NullPointerException: Cannot invoke &quot;hr.fer.oprpp1.custom.collections.LinkedListIndexedCollection.add(Object)&quot; because &quot;this.emptyLinkedList&quot; is null
	at hr.fer.oprpp1.custom.collections.LinkedListIndexedCollectionTest.testAddingElement(LinkedListIndexedCollectionTest.java:54)
</failure>
  </testcase>
  <testcase classname="hr.fer.oprpp1.custom.collections.LinkedListIndexedCollectionTest" name="hr.fer.oprpp1.custom.collections.LinkedListIndexedCollectionTest.testGettingElementWithValidArgument" time="0">
    <failure message="Cannot invoke &quot;hr.fer.oprpp1.custom.collections.LinkedListIndexedCollection.get(int)&quot; because &quot;this.emptyLinkedList&quot; is null" type="java.lang.NullPointerException">java.lang.NullPointerException: Cannot invoke &quot;hr.fer.oprpp1.custom.collections.LinkedListIndexedCollection.get(int)&quot; because &quot;this.emptyLinkedList&quot; is null
	at hr.fer.oprpp1.custom.collections.LinkedListIndexedCollectionTest.testGettingElementWithValidArgument(LinkedListIndexedCollectionTest.java:110)
</failure>
  </testcase>
  <testcase classname="hr.fer.oprpp1.custom.collections.LinkedListIndexedCollectionTest" name="hr.fer.oprpp1.custom.collections.LinkedListIndexedCollectionTest.testRemoveElementWithNoExistingValue" time="0">
    <failure message="Cannot invoke &quot;hr.fer.oprpp1.custom.collections.LinkedListIndexedCollection.remove(Object)&quot; because &quot;this.emptyLinkedList&quot; is null" type="java.lang.NullPointerException">java.lang.NullPointerException: Cannot invoke &quot;hr.fer.oprpp1.custom.collections.LinkedListIndexedCollection.remove(Object)&quot; because &quot;this.emptyLinkedList&quot; is null
	at hr.fer.oprpp1.custom.collections.LinkedListIndexedCollectionTest.testRemoveElementWithNoExistingValue(LinkedListIndexedCollectionTest.java:198)
</failure>
  </testcase>
  <testcase classname="hr.fer.oprpp1.custom.collections.LinkedListIndexedCollectionTest" name="hr.fer.oprpp1.custom.collections.LinkedListIndexedCollectionTest.testGettingElementWithInvalidArgument" time="0">
    <failure message="Unexpected exception type thrown, expected: &lt;java.lang.IndexOutOfBoundsException&gt; but was: &lt;java.lang.NullPointerException&gt;" type="org.opentest4j.AssertionFailedError">org.opentest4j.AssertionFailedError: Unexpected exception type thrown, expected: &lt;java.lang.IndexOutOfBoundsException&gt; but was: &lt;java.lang.NullPointerException&gt;
	at org.junit.jupiter.api.AssertionFailureBuilder.build(AssertionFailureBuilder.java:151)
	at org.junit.jupiter.api.AssertThrows.assertThrows(AssertThrows.java:67)
	at org.junit.jupiter.api.AssertThrows.assertThrows(AssertThrows.java:35)
	at org.junit.jupiter.api.Assertions.assertThrows(Assertions.java:3083)
	at hr.fer.oprpp1.custom.collections.LinkedListIndexedCollectionTest.testGettingElementWithInvalidArgument(LinkedListIndexedCollectionTest.java:117)
Caused by: java.lang.NullPointerException: Cannot invoke &quot;hr.fer.oprpp1.custom.collections.LinkedListIndexedCollection.size()&quot; because &quot;this.emptyLinkedList&quot; is null
	at hr.fer.oprpp1.custom.collections.LinkedListIndexedCollectionTest.lambda$testGettingElementWithInvalidArgument$2(LinkedListIndexedCollectionTest.java:117)
	at org.junit.jupiter.api.AssertThrows.assertThrows(AssertThrows.java:53)
	... 17 more
</failure>
  </testcase>
</testsuite>