<?xml version="1.0" encoding="UTF-8" ?>
<testsuite tests="32" failures="28" name="hr.fer.oprpp1.custom.collections.ArrayIndexedCollectionTest" time="0.032" errors="0" skipped="0">
  <properties>
[...]
</properties>
  <testcase classname="hr.fer.oprpp1.custom.collections.ArrayIndexedCollectionTest" name="hr.fer.oprpp1.custom.collections.ArrayIndexedCollectionTest.testRemoveMiddleElement" time="0.003">
    <failure message="Cannot invoke &quot;hr.fer.oprpp1.custom.collections.ArrayIndexedCollection.add(Object)&quot; because &quot;this.arrayWithNoParams&quot; is null" type="java.lang.NullPointerException">java.lang.NullPointerException: Cannot invoke &quot;hr.fer.oprpp1.custom.collections.ArrayIndexedCollection.add(Object)&quot; because &quot;this.arrayWithNoParams&quot; is null
	at hr.fer.oprpp1.custom.collections.ArrayIndexedCollectionTest.testRemoveMiddleElement(ArrayIndexedCollectionTest.java:187)
</failure>
  </testcase>
  <testcase classname="hr.fer.oprpp1.custom.collections.ArrayIndexedCollectionTest" name="hr.fer.oprpp1.custom.collections.ArrayIndexedCollectionTest.testRemoveLastElement" time="0">
    <failure message="Cannot invoke &quot;hr.fer.oprpp1.custom.collections.ArrayIndexedCollection.remove(int)&quot; because &quot;this.arrayWithNoParams&quot; is null" type="java.lang.NullPointerException">java.lang.NullPointerException: Cannot invoke &quot;hr.fer.oprpp1.custom.collections.ArrayIndexedCollection.remove(int)&quot; because &quot;this.arrayWithNoParams&quot; is null
	at hr.fer.oprpp1.custom.collections.ArrayIndexedCollectionTest.testRemoveLastElement(ArrayIndexedCollectionTest.java:198)
</failure>
  </testcase>
  <testcase classname="hr.fer.oprpp1.custom.collections.ArrayIndexedCollectionTest" name="hr.fer.oprpp1.custom.collections.ArrayIndexedCollectionTest.testRemoveWithObjectMiddle" time="0">
    <failure message="Cannot invoke &quot;hr.fer.oprpp1.custom.collections.ArrayIndexedCollection.size()&quot; because &quot;this.arrayWithNoParams&quot; is null" type="java.lang.NullPointerException">java.lang.NullPointerException: Cannot invoke &quot;hr.fer.oprpp1.custom.collections.ArrayIndexedCollection.size()&quot; because &quot;this.arrayWithNoParams&quot; is null
	at hr.fer.oprpp1.custom.collections.ArrayIndexedCollectionTest.testRemoveWithObjectMiddle(ArrayIndexedCollectionTest.java:252)
</failure>
  </testcase>
  <testcase classname="hr.fer.oprpp1.custom.collections.ArrayIndexedCollectionTest" name="hr.fer.oprpp1.custom.collections.ArrayIndexedCollectionTest.testRemoveWithObjectNull" time="0">
    <failure message="Cannot invoke &quot;hr.fer.oprpp1.custom.collections.ArrayIndexedCollection.remove(Object)&quot; because &quot;this.arrayWithNoParams&quot; is null" type="java.lang.NullPointerException">java.lang.NullPointerException: Cannot invoke &quot;hr.fer.oprpp1.custom.collections.ArrayIndexedCollection.remove(Object)&quot; because &quot;this.arrayWithNoParams&quot; is null
	at hr.fer.oprpp1.custom.collections.ArrayIndexedCollectionTest.testRemoveWithObjectNull(ArrayIndexedCollectionTest.java:233)
</failure>
  </testcase>
  <testcase classname="hr.fer.oprpp1.custom.collections.ArrayIndexedCollectionTest" name="hr.fer.oprpp1.custom.collections.ArrayIndexedCollectionTest.testGetWithValidArgument" time="0">
    <failure message="Cannot invoke &quot;hr.fer.oprpp1.custom.collections.ArrayIndexedCollection.get(int)&quot; because &quot;this.arrayWithNoParams&quot; is null" type="java.lang.NullPointerException">java.lang.NullPointerException: Cannot invoke &quot;hr.fer.oprpp1.custom.collections.ArrayIndexedCollection.get(int)&quot; because &quot;this.arrayWithNoParams&quot; is null
	at hr.fer.oprpp1.custom.collections.ArrayIndexedCollectionTest.testGetWithValidArgument(ArrayIndexedCollectionTest.java:153)
</failure>
  </testcase>
  <testcase classname="hr.fer.oprpp1.custom.collections.ArrayIndexedCollectionTest" name="hr.fer.oprpp1.custom.collections.ArrayIndexedCollectionTest.testRemoveWithInvalidArgument" time="0.011">
    <failure message="Unexpected exception type thrown, expected: &lt;java.lang.IllegalArgumentException&gt; but was: &lt;java.lang.NullPointerException&gt;" type="org.opentest4j.AssertionFailedError">org.opentest4j.AssertionFailedError: Unexpected exception type thrown, expected: &lt;java.lang.IllegalArgumentException&gt; but was: &lt;java.lang.NullPointerException&gt;
	at org.junit.jupiter.api.AssertionFailureBuilder.build(AssertionFailureBuilder.java:151)
	at org.junit.jupiter.api.AssertThrows.assertThrows(AssertThrows.java:67)
	at org.junit.jupiter.api.AssertThrows.assertThrows(AssertThrows.java:35)
	at org.junit.jupiter.api.Assertions.assertThrows(Assertions.java:3083)
	at hr.fer.oprpp1.custom.collections.ArrayIndexedCollectionTest.testRemoveWithInvalidArgument(ArrayIndexedCollectionTest.java:161)
Caused by: java.lang.NullPointerException: Cannot invoke &quot;hr.fer.oprpp1.custom.collections.ArrayIndexedCollection.remove(int)&quot; because &quot;this.arrayWithNoParams&quot; is null
	at hr.fer.oprpp1.custom.collections.ArrayIndexedCollectionTest.lambda$testRemoveWithInvalidArgument$5(ArrayIndexedCollectionTest.java:161)
	at org.junit.jupiter.api.AssertThrows.assertThrows(AssertThrows.java:53)
	... 17 more
</failure>
  </testcase>
  <testcase classname="hr.fer.oprpp1.custom.collections.ArrayIndexedCollectionTest" name="hr.fer.oprpp1.custom.collections.ArrayIndexedCollectionTest.testRemoveWithObjectFirst" time="0">
    <failure message="Cannot invoke &quot;hr.fer.oprpp1.custom.collections.ArrayIndexedCollection.remove(Object)&quot; because &quot;this.arrayWithNoParams&quot; is null" type="java.lang.NullPointerException">java.lang.NullPointerException: Cannot invoke &quot;hr.fer.oprpp1.custom.collections.ArrayIndexedCollection.remove(Object)&quot; because &quot;this.arrayWithNoParams&quot; is null
	at hr.fer.oprpp1.custom.collections.ArrayIndexedCollectionTest.testRemoveWithObjectFirst(ArrayIndexedCollectionTest.java:242)
</failure>
  </testcase>
  <testcase classname="hr.fer.oprpp1.custom.collections.ArrayIndexedCollectionTest" name="hr.fer.oprpp1.custom.collections.ArrayIndexedCollectionTest.testInsertIntoFirstPosition" time="0.001">
    <failure message="Cannot invoke &quot;hr.fer.oprpp1.custom.collections.ArrayIndexedCollection.insert(Object, int)&quot; because &quot;this.arrayWithNoParams&quot; is null" type="java.lang.NullPointerException">java.lang.NullPointerException: Cannot invoke &quot;hr.fer.oprpp1.custom.collections.ArrayIndexedCollection.insert(Object, int)&quot; because &quot;this.arrayWithNoParams&quot; is null
	at hr.fer.oprpp1.custom.collections.ArrayIndexedCollectionTest.testInsertIntoFirstPosition(ArrayIndexedCollectionTest.java:107)
</failure>
  </testcase>
  <testcase classname="hr.fer.oprpp1.custom.collections.ArrayIndexedCollectionTest" name="hr.fer.oprpp1.custom.collections.ArrayIndexedCollectionTest.testRemoveWithObjectLast" time="0">
    <failure message="Cannot invoke &quot;hr.fer.oprpp1.custom.collections.ArrayIndexedCollection.insert(Object, int)&quot; because &quot;this.arrayWithNoParams&quot; is null" type="java.lang.NullPointerException">java.lang.NullPointerException: Cannot invoke &quot;hr.fer.oprpp1.custom.collections.ArrayIndexedCollection.insert(Object, int)&quot; because &quot;this.arrayWithNoParams&quot; is null
	at hr.fer.oprpp1.custom.collections.ArrayIndexedCollectionTest.testRemoveWithObjectLast(ArrayIndexedCollectionTest.java:262)
</failure>
  </testcase>
  <testcase classname="hr.fer.oprpp1.custom.collections.ArrayIndexedCollectionTest" name="hr.fer.oprpp1.custom.collections.ArrayIndexedCollectionTest.testConstructorWithInitSize" time="0.003"/>
  <testcase classname="hr.fer.oprpp1.custom.collections.ArrayIndexedCollectionTest" name="hr.fer.oprpp1.custom.collections.ArrayIndexedCollectionTest.testConstructorWithNoParam" time="0"/>
  <testcase classname="hr.fer.oprpp1.custom.collections.ArrayIndexedCollectionTest" name="hr.fer.oprpp1.custom.collections.ArrayIndexedCollectionTest.testConstructorWithCollAndInitSize" time="0.001">
    <failure type="java.lang.NullPointerException">java.lang.NullPointerException
	at hr.fer.oprpp1.custom.collections.ArrayIndexedCollection.&lt;init&gt;(ArrayIndexedCollection.java:38)
	at hr.fer.oprpp1.custom.collections.ArrayIndexedCollectionTest.testConstructorWithCollAndInitSize(ArrayIndexedCollectionTest.java:73)
</failure>
  </testcase>
  <testcase classname="hr.fer.oprpp1.custom.collections.ArrayIndexedCollectionTest" name="hr.fer.oprpp1.custom.collections.ArrayIndexedCollectionTest.testConstructorWithColl" time="0">
    <failure type="java.lang.NullPointerException">java.lang.NullPointerException
	at hr.fer.oprpp1.custom.collections.ArrayIndexedCollection.&lt;init&gt;(ArrayIndexedCollection.java:38)
	at hr.fer.oprpp1.custom.collections.ArrayIndexedCollection.&lt;init&gt;(ArrayIndexedCollection.java:53)
	at hr.fer.oprpp1.custom.collections.ArrayIndexedCollectionTest.testConstructorWithColl(ArrayIndexedCollectionTest.java:64)
</failure>
  </testcase>
  <testcase classname="hr.fer.oprpp1.custom.collections.ArrayIndexedCollectionTest" name="hr.fer.oprpp1.custom.collections.ArrayIndexedCollectionTest.testInsertWithInvalidPosition2" time="0.002">
    <failure message="Unexpected exception type thrown, expected: &lt;java.lang.IndexOutOfBoundsException&gt; but was: &lt;java.lang.NullPointerException&gt;" type="org.opentest4j.AssertionFailedError">org.opentest4j.AssertionFailedError: Unexpected exception type thrown, expected: &lt;java.lang.IndexOutOfBoundsException&gt; but was: &lt;java.lang.NullPointerException&gt;
	at org.junit.jupiter.api.AssertionFailureBuilder.build(AssertionFailureBuilder.java:151)
	at org.junit.jupiter.api.AssertThrows.assertThrows(AssertThrows.java:67)
	at org.junit.jupiter.api.AssertThrows.assertThrows(AssertThrows.java:35)
	at org.junit.jupiter.api.Assertions.assertThrows(Assertions.java:3083)
	at hr.fer.oprpp1.custom.collections.ArrayIndexedCollectionTest.testInsertWithInvalidPosition2(ArrayIndexedCollectionTest.java:91)
Caused by: java.lang.NullPointerException: Cannot invoke &quot;hr.fer.oprpp1.custom.collections.ArrayIndexedCollection.size()&quot; because &quot;this.arrayWithNoParams&quot; is null
	at hr.fer.oprpp1.custom.collections.ArrayIndexedCollectionTest.lambda$testInsertWithInvalidPosition2$1(ArrayIndexedCollectionTest.java:91)
	at org.junit.jupiter.api.AssertThrows.assertThrows(AssertThrows.java:53)
	... 17 more
</failure>
  </testcase>
  <testcase classname="hr.fer.oprpp1.custom.collections.ArrayIndexedCollectionTest" name="hr.fer.oprpp1.custom.collections.ArrayIndexedCollectionTest.testGetWithInvalidPosition" time="0.001">
    <failure message="Unexpected exception type thrown, expected: &lt;java.lang.IndexOutOfBoundsException&gt; but was: &lt;java.lang.NullPointerException&gt;" type="org.opentest4j.AssertionFailedError">org.opentest4j.AssertionFailedError: Unexpected exception type thrown, expected: &lt;java.lang.IndexOutOfBoundsException&gt; but was: &lt;java.lang.NullPointerException&gt;
	at org.junit.jupiter.api.AssertionFailureBuilder.build(AssertionFailureBuilder.java:151)
	at org.junit.jupiter.api.AssertThrows.assertThrows(AssertThrows.java:67)
	at org.junit.jupiter.api.AssertThrows.assertThrows(AssertThrows.java:35)
	at org.junit.jupiter.api.Assertions.assertThrows(Assertions.java:3083)
	at hr.fer.oprpp1.custom.collections.ArrayIndexedCollectionTest.testGetWithInvalidPosition(ArrayIndexedCollectionTest.java:136)
Caused by: java.lang.NullPointerException: Cannot invoke &quot;hr.fer.oprpp1.custom.collections.ArrayIndexedCollection.get(int)&quot; because &quot;this.arrayWithNoParams&quot; is null
	at hr.fer.oprpp1.custom.collections.ArrayIndexedCollectionTest.lambda$testGetWithInvalidPosition$3(ArrayIndexedCollectionTest.java:136)
	at org.junit.jupiter.api.AssertThrows.assertThrows(AssertThrows.java:53)
	... 17 more
</failure>
  </testcase>
  <testcase classname="hr.fer.oprpp1.custom.collections.ArrayIndexedCollectionTest" name="hr.fer.oprpp1.custom.collections.ArrayIndexedCollectionTest.testInsertWithNullValue" time="0.001"/>
  <testcase classname="hr.fer.oprpp1.custom.collections.ArrayIndexedCollectionTest" name="hr.fer.oprpp1.custom.collections.ArrayIndexedCollectionTest.testInsertWithInvalidPosition" time="0.001">
    <failure message="Unexpected exception type thrown, expected: &lt;java.lang.IndexOutOfBoundsException&gt; but was: &lt;java.lang.NullPointerException&gt;" type="org.opentest4j.AssertionFailedError">org.opentest4j.AssertionFailedError: Unexpected exception type thrown, expected: &lt;java.lang.IndexOutOfBoundsException&gt; but was: &lt;java.lang.NullPointerException&gt;
	at org.junit.jupiter.api.AssertionFailureBuilder.build(AssertionFailureBuilder.java:151)
	at org.junit.jupiter.api.AssertThrows.assertThrows(AssertThrows.java:67)
	at org.junit.jupiter.api.AssertThrows.assertThrows(AssertThrows.java:35)
	at org.junit.jupiter.api.Assertions.assertThrows(Assertions.java:3083)
	at hr.fer.oprpp1.custom.collections.ArrayIndexedCollectionTest.testInsertWithInvalidPosition(ArrayIndexedCollectionTest.java:83)
Caused by: java.lang.NullPointerException: Cannot invoke &quot;hr.fer.oprpp1.custom.collections.ArrayIndexedCollection.insert(Object, int)&quot; because &quot;this.arrayWithNoParams&quot; is null
	at hr.fer.oprpp1.custom.collections.ArrayIndexedCollectionTest.lambda$testInsertWithInvalidPosition$0(ArrayIndexedCollectionTest.java:83)
	at org.junit.jupiter.api.AssertThrows.assertThrows(AssertThrows.java:53)
	... 17 more
</failure>
  </testcase>
  <testcase classname="hr.fer.oprpp1.custom.collections.ArrayIndexedCollectionTest" name="hr.fer.oprpp1.custom.collections.ArrayIndexedCollectionTest.testGetWithInvalidPosition2" time="0.001">
    <failure message="Unexpected exception type thrown, expected: &lt;java.lang.IndexOutOfBoundsException&gt; but was: &lt;java.lang.NullPointerException&gt;" type="org.opentest4j.AssertionFailedError">org.opentest4j.AssertionFailedError: Unexpected exception type thrown, expected: &lt;java.lang.IndexOutOfBoundsException&gt; but was: &lt;java.lang.NullPointerException&gt;
	at org.junit.jupiter.api.AssertionFailureBuilder.build(AssertionFailureBuilder.java:151)
	at org.junit.jupiter.api.AssertThrows.assertThrows(AssertThrows.java:67)
	at org.junit.jupiter.api.AssertThrows.assertThrows(AssertThrows.java:35)
	at org.junit.jupiter.api.Assertions.assertThrows(Assertions.java:3083)
	at hr.fer.oprpp1.custom.collections.ArrayIndexedCollectionTest.testGetWithInvalidPosition2(ArrayIndexedCollectionTest.java:145)
Caused by: java.lang.NullPointerException: Cannot invoke &quot;hr.fer.oprpp1.custom.collections.ArrayIndexedCollection.size()&quot; because &quot;this.arrayWithNoParams&quot; is null
	at hr.fer.oprpp1.custom.collections.ArrayIndexedCollectionTest.lambda$testGetWithInvalidPosition2$4(ArrayIndexedCollectionTest.java:145)
	at org.junit.jupiter.api.AssertThrows.assertThrows(AssertThrows.java:53)
	... 17 more
</failure>
  </testcase>
  <testcase classname="hr.fer.oprpp1.custom.collections.ArrayIndexedCollectionTest" name="hr.fer.oprpp1.custom.collections.ArrayIndexedCollectionTest.testRemoveWithInvalidArgument2" time="0.002">
    <failure message="Unexpected exception type thrown, expected: &lt;java.lang.IllegalArgumentException&gt; but was: &lt;java.lang.NullPointerException&gt;" type="org.opentest4j.AssertionFailedError">org.opentest4j.AssertionFailedError: Unexpected exception type thrown, expected: &lt;java.lang.IllegalArgumentException&gt; but was: &lt;java.lang.NullPointerException&gt;
	at org.junit.jupiter.api.AssertionFailureBuilder.build(AssertionFailureBuilder.java:151)
	at org.junit.jupiter.api.AssertThrows.assertThrows(AssertThrows.java:67)
	at org.junit.jupiter.api.AssertThrows.assertThrows(AssertThrows.java:35)
	at org.junit.jupiter.api.Assertions.assertThrows(Assertions.java:3083)
	at hr.fer.oprpp1.custom.collections.ArrayIndexedCollectionTest.testRemoveWithInvalidArgument2(ArrayIndexedCollectionTest.java:170)
Caused by: java.lang.NullPointerException: Cannot invoke &quot;hr.fer.oprpp1.custom.collections.ArrayIndexedCollection.size()&quot; because &quot;this.arrayWithNoParams&quot; is null
	at hr.fer.oprpp1.custom.collections.ArrayIndexedCollectionTest.lambda$testRemoveWithInvalidArgument2$6(ArrayIndexedCollectionTest.java:170)
	at org.junit.jupiter.api.AssertThrows.assertThrows(AssertThrows.java:53)
	... 17 more
</failure>
  </testcase>
  <testcase classname="hr.fer.oprpp1.custom.collections.ArrayIndexedCollectionTest" name="hr.fer.oprpp1.custom.collections.ArrayIndexedCollectionTest.testRemoveFirstElement" time="0">
    <failure message="Cannot invoke &quot;hr.fer.oprpp1.custom.collections.ArrayIndexedCollection.remove(int)&quot; because &quot;this.arrayWithNoParams&quot; is null" type="java.lang.NullPointerException">java.lang.NullPointerException: Cannot invoke &quot;hr.fer.oprpp1.custom.collections.ArrayIndexedCollection.remove(int)&quot; because &quot;this.arrayWithNoParams&quot; is null
	at hr.fer.oprpp1.custom.collections.ArrayIndexedCollectionTest.testRemoveFirstElement(ArrayIndexedCollectionTest.java:178)
</failure>
  </testcase>
  <testcase classname="hr.fer.oprpp1.custom.collections.ArrayIndexedCollectionTest" name="hr.fer.oprpp1.custom.collections.ArrayIndexedCollectionTest.testAddingNullValue" time="0.001"/>
  <testcase classname="hr.fer.oprpp1.custom.collections.ArrayIndexedCollectionTest" name="hr.fer.oprpp1.custom.collections.ArrayIndexedCollectionTest.testIndexOfNonExistingElement" time="0">
    <failure message="Cannot invoke &quot;hr.fer.oprpp1.custom.collections.ArrayIndexedCollection.indexOf(Object)&quot; because &quot;this.arrayWithNoParams&quot; is null" type="java.lang.NullPointerException">java.lang.NullPointerException: Cannot invoke &quot;hr.fer.oprpp1.custom.collections.ArrayIndexedCollection.indexOf(Object)&quot; because &quot;this.arrayWithNoParams&quot; is null
	at hr.fer.oprpp1.custom.collections.ArrayIndexedCollectionTest.testIndexOfNonExistingElement(ArrayIndexedCollectionTest.java:290)
</failure>
  </testcase>
  <testcase classname="hr.fer.oprpp1.custom.collections.ArrayIndexedCollectionTest" name="hr.fer.oprpp1.custom.collections.ArrayIndexedCollectionTest.testIndexOfNullExistingElement" time="0">
    <failure message="Cannot invoke &quot;hr.fer.oprpp1.custom.collections.ArrayIndexedCollection.indexOf(Object)&quot; because &quot;this.arrayWithNoParams&quot; is null" type="java.lang.NullPointerException">java.lang.NullPointerException: Cannot invoke &quot;hr.fer.oprpp1.custom.collections.ArrayIndexedCollection.indexOf(Object)&quot; because &quot;this.arrayWithNoParams&quot; is null
	at hr.fer.oprpp1.custom.collections.ArrayIndexedCollectionTest.testIndexOfNullExistingElement(ArrayIndexedCollectionTest.java:299)
</failure>
  </testcase>
  <testcase classname="hr.fer.oprpp1.custom.collections.ArrayIndexedCollectionTest" name="hr.fer.oprpp1.custom.collections.ArrayIndexedCollectionTest.testIndexOfNull" time="0">
    <failure message="Cannot invoke &quot;hr.fer.oprpp1.custom.collections.ArrayIndexedCollection.indexOf(Object)&quot; because &quot;this.arrayWithNoParams&quot; is null" type="java.lang.NullPointerException">java.lang.NullPointerException: Cannot invoke &quot;hr.fer.oprpp1.custom.collections.ArrayIndexedCollection.indexOf(Object)&quot; because &quot;this.arrayWithNoParams&quot; is null
	at hr.fer.oprpp1.custom.collections.ArrayIndexedCollectionTest.testIndexOfNull(ArrayIndexedCollectionTest.java:281)
</failure>
  </testcase>
  <testcase classname="hr.fer.oprpp1.custom.collections.ArrayIndexedCollectionTest" name="hr.fer.oprpp1.custom.collections.ArrayIndexedCollectionTest.testAddingValue" time="0">
    <failure message="Cannot invoke &quot;hr.fer.oprpp1.custom.collections.ArrayIndexedCollection.add(Object)&quot; because &quot;this.arrayWithNoParams&quot; is null" type="java.lang.NullPointerException">java.lang.NullPointerException: Cannot invoke &quot;hr.fer.oprpp1.custom.collections.ArrayIndexedCollection.add(Object)&quot; because &quot;this.arrayWithNoParams&quot; is null
	at hr.fer.oprpp1.custom.collections.ArrayIndexedCollectionTest.testAddingValue(ArrayIndexedCollectionTest.java:327)
</failure>
  </testcase>
  <testcase classname="hr.fer.oprpp1.custom.collections.ArrayIndexedCollectionTest" name="hr.fer.oprpp1.custom.collections.ArrayIndexedCollectionTest.testInsertAtEnd" time="0">
    <failure message="Cannot invoke &quot;hr.fer.oprpp1.custom.collections.ArrayIndexedCollection.size()&quot; because &quot;this.arrayWithNoParams&quot; is null" type="java.lang.NullPointerException">java.lang.NullPointerException: Cannot invoke &quot;hr.fer.oprpp1.custom.collections.ArrayIndexedCollection.size()&quot; because &quot;this.arrayWithNoParams&quot; is null
	at hr.fer.oprpp1.custom.collections.ArrayIndexedCollectionTest.testInsertAtEnd(ArrayIndexedCollectionTest.java:127)
</failure>
  </testcase>
  <testcase classname="hr.fer.oprpp1.custom.collections.ArrayIndexedCollectionTest" name="hr.fer.oprpp1.custom.collections.ArrayIndexedCollectionTest.testContainsFalse" time="0">
    <failure message="Cannot invoke &quot;hr.fer.oprpp1.custom.collections.ArrayIndexedCollection.contains(Object)&quot; because &quot;this.arrayWithNoParams&quot; is null" type="java.lang.NullPointerException">java.lang.NullPointerException: Cannot invoke &quot;hr.fer.oprpp1.custom.collections.ArrayIndexedCollection.contains(Object)&quot; because &quot;this.arrayWithNoParams&quot; is null
	at hr.fer.oprpp1.custom.collections.ArrayIndexedCollectionTest.testContainsFalse(ArrayIndexedCollectionTest.java:216)
</failure>
  </testcase>
  <testcase classname="hr.fer.oprpp1.custom.collections.ArrayIndexedCollectionTest" name="hr.fer.oprpp1.custom.collections.ArrayIndexedCollectionTest.testContainsTrue" time="0.001">
    <failure message="Cannot invoke &quot;hr.fer.oprpp1.custom.collections.ArrayIndexedCollection.contains(Object)&quot; because &quot;this.arrayWithNoParams&quot; is null" type="java.lang.NullPointerException">java.lang.NullPointerException: Cannot invoke &quot;hr.fer.oprpp1.custom.collections.ArrayIndexedCollection.contains(Object)&quot; because &quot;this.arrayWithNoParams&quot; is null
	at hr.fer.oprpp1.custom.collections.ArrayIndexedCollectionTest.testContainsTrue(ArrayIndexedCollectionTest.java:224)
</failure>
  </testcase>
  <testcase classname="hr.fer.oprpp1.custom.collections.ArrayIndexedCollectionTest" name="hr.fer.oprpp1.custom.collections.ArrayIndexedCollectionTest.testToArray" time="0">
    <failure message="Cannot invoke &quot;hr.fer.oprpp1.custom.collections.ArrayIndexedCollection.toArray()&quot; because &quot;this.arrayWithNoParams&quot; is null" type="java.lang.NullPointerException">java.lang.NullPointerException: Cannot invoke &quot;hr.fer.oprpp1.custom.collections.ArrayIndexedCollection.toArray()&quot; because &quot;this.arrayWithNoParams&quot; is null
	at hr.fer.oprpp1.custom.collections.ArrayIndexedCollectionTest.testToArray(ArrayIndexedCollectionTest.java:309)
</failure>
  </testcase>
  <testcase classname="hr.fer.oprpp1.custom.collections.ArrayIndexedCollectionTest" name="hr.fer.oprpp1.custom.collections.ArrayIndexedCollectionTest.testInsertInMiddle" time="0.001">
    <failure message="Cannot invoke &quot;hr.fer.oprpp1.custom.collections.ArrayIndexedCollection.insert(Object, int)&quot; because &quot;this.arrayWithNoParams&quot; is null" type="java.lang.NullPointerException">java.lang.NullPointerException: Cannot invoke &quot;hr.fer.oprpp1.custom.collections.ArrayIndexedCollection.insert(Object, int)&quot; because &quot;this.arrayWithNoParams&quot; is null
	at hr.fer.oprpp1.custom.collections.ArrayIndexedCollectionTest.testInsertInMiddle(ArrayIndexedCollectionTest.java:117)
</failure>
  </testcase>
  <testcase classname="hr.fer.oprpp1.custom.collections.ArrayIndexedCollectionTest" name="hr.fer.oprpp1.custom.collections.ArrayIndexedCollectionTest.testSize" time="0.001">
    <failure message="Cannot invoke &quot;hr.fer.oprpp1.custom.collections.ArrayIndexedCollection.size()&quot; because &quot;this.arrayWithNoParams&quot; is null" type="java.lang.NullPointerException">java.lang.NullPointerException: Cannot invoke &quot;hr.fer.oprpp1.custom.collections.ArrayIndexedCollection.size()&quot; because &quot;this.arrayWithNoParams&quot; is null
	at hr.fer.oprpp1.custom.collections.ArrayIndexedCollectionTest.testSize(ArrayIndexedCollectionTest.java:208)
</failure>
  </testcase>
  <testcase classname="hr.fer.oprpp1.custom.collections.ArrayIndexedCollectionTest" name="hr.fer.oprpp1.custom.collections.ArrayIndexedCollectionTest.testClear" time="0.001">
    <failure message="Cannot invoke &quot;hr.fer.oprpp1.custom.collections.ArrayIndexedCollection.clear()&quot; because &quot;this.arrayWithNoParams&quot; is null" type="java.lang.NullPointerException">java.lang.NullPointerException: Cannot invoke &quot;hr.fer.oprpp1.custom.collections.ArrayIndexedCollection.clear()&quot; because &quot;this.arrayWithNoParams&quot; is null
	at hr.fer.oprpp1.custom.collections.ArrayIndexedCollectionTest.testClear(ArrayIndexedCollectionTest.java:272)
</failure>
  </testcase>
</testsuite>